21:23:07 **** Incremental Build of configuration Debug for project DSPD_ASS_TREE ****
make all 
Building file: ../src/DSPD_ASS_TREE.c
Invoking: GCC C Compiler
gcc -O0 -g3 -Wall -c -fmessage-length=0 -MMD -MP -MF"src/DSPD_ASS_TREE.d" -MT"src/DSPD_ASS_TREE.o" -o "src/DSPD_ASS_TREE.o" "../src/DSPD_ASS_TREE.c"
Finished building: ../src/DSPD_ASS_TREE.c
 
Building target: DSPD_ASS_TREE
Invoking: GCC C Linker
gcc  -o "DSPD_ASS_TREE"  ./src/DSPD_ASS_TREE.o   
Finished building target: DSPD_ASS_TREE
 
21:23:13 **** Incremental Build of configuration Debug for project DSPD_ASS_TREE ****
make all 
make: Nothing to be done for 'all'.
21:23:38 **** Incremental Build of configuration Debug for project DSPD_ASS_TREE ****
make all 
Building file: ../src/DSPD_ASS_TREE.c
Invoking: GCC C Compiler
gcc -O0 -g3 -Wall -c -fmessage-length=0 -MMD -MP -MF"src/DSPD_ASS_TREE.d" -MT"src/DSPD_ASS_TREE.o" -o "src/DSPD_ASS_TREE.o" "../src/DSPD_ASS_TREE.c"
Finished building: ../src/DSPD_ASS_TREE.c
 
Building target: DSPD_ASS_TREE
Invoking: GCC C Linker
gcc  -o "DSPD_ASS_TREE"  ./src/DSPD_ASS_TREE.o   
Finished building target: DSPD_ASS_TREE
 
08:33:37 **** Incremental Build of configuration Debug for project DSPD_ASS_TREE ****
make all 
make: Nothing to be done for 'all'.
08:33:42 **** Incremental Build of configuration Debug for project DSPD_ASS_TREE ****
make all 
make: Nothing to be done for 'all'.
08:35:33 **** Incremental Build of configuration Debug for project DSPD_ASS_TREE ****
make all 
Building file: ../src/DSPD_ASS_TREE.c
Invoking: GCC C Compiler
gcc -O0 -g3 -Wall -c -fmessage-length=0 -MMD -MP -MF"src/DSPD_ASS_TREE.d" -MT"src/DSPD_ASS_TREE.o" -o "src/DSPD_ASS_TREE.o" "../src/DSPD_ASS_TREE.c"
Finished building: ../src/DSPD_ASS_TREE.c
 
Building target: DSPD_ASS_TREE
Invoking: GCC C Linker
gcc  -o "DSPD_ASS_TREE"  ./src/DSPD_ASS_TREE.o   
Finished building target: DSPD_ASS_TREE
 
08:35:36 **** Incremental Build of configuration Debug for project DSPD_ASS_TREE ****
make all 
make: Nothing to be done for 'all'.
08:39:14 **** Incremental Build of configuration Debug for project DSPD_ASS_TREE ****
make all 
Building file: ../src/DSPD_ASS_TREE.c
Invoking: GCC C Compiler
gcc -O0 -g3 -Wall -c -fmessage-length=0 -MMD -MP -MF"src/DSPD_ASS_TREE.d" -MT"src/DSPD_ASS_TREE.o" -o "src/DSPD_ASS_TREE.o" "../src/DSPD_ASS_TREE.c"
Finished building: ../src/DSPD_ASS_TREE.c
 
Building target: DSPD_ASS_TREE
Invoking: GCC C Linker
gcc  -o "DSPD_ASS_TREE"  ./src/DSPD_ASS_TREE.o   
Finished building target: DSPD_ASS_TREE
 
08:42:04 **** Incremental Build of configuration Debug for project DSPD_ASS_TREE ****
make all 
Building file: ../src/DSPD_ASS_TREE.c
Invoking: GCC C Compiler
gcc -O0 -g3 -Wall -c -fmessage-length=0 -MMD -MP -MF"src/DSPD_ASS_TREE.d" -MT"src/DSPD_ASS_TREE.o" -o "src/DSPD_ASS_TREE.o" "../src/DSPD_ASS_TREE.c"
Finished building: ../src/DSPD_ASS_TREE.c
 
Building target: DSPD_ASS_TREE
Invoking: GCC C Linker
gcc  -o "DSPD_ASS_TREE"  ./src/DSPD_ASS_TREE.o   
Finished building target: DSPD_ASS_TREE
 
08:44:20 **** Incremental Build of configuration Debug for project DSPD_ASS_TREE ****
make all 
Building file: ../src/DSPD_ASS_TREE.c
Invoking: GCC C Compiler
gcc -O0 -g3 -Wall -c -fmessage-length=0 -MMD -MP -MF"src/DSPD_ASS_TREE.d" -MT"src/DSPD_ASS_TREE.o" -o "src/DSPD_ASS_TREE.o" "../src/DSPD_ASS_TREE.c"
Finished building: ../src/DSPD_ASS_TREE.c
 
Building target: DSPD_ASS_TREE
Invoking: GCC C Linker
gcc  -o "DSPD_ASS_TREE"  ./src/DSPD_ASS_TREE.o   
Finished building target: DSPD_ASS_TREE
 
08:46:41 **** Incremental Build of configuration Debug for project DSPD_ASS_TREE ****
make all 
Building file: ../src/DSPD_ASS_TREE.c
Invoking: GCC C Compiler
gcc -O0 -g3 -Wall -c -fmessage-length=0 -MMD -MP -MF"src/DSPD_ASS_TREE.d" -MT"src/DSPD_ASS_TREE.o" -o "src/DSPD_ASS_TREE.o" "../src/DSPD_ASS_TREE.c"
../src/DSPD_ASS_TREE.c: In function ‘main’:
../src/DSPD_ASS_TREE.c:109:13: warning: variable ‘parent_node’ set but not used [-Wunused-but-set-variable]
  109 |  IBO *root,*parent_node;
      |             ^~~~~~~~~~~
Finished building: ../src/DSPD_ASS_TREE.c
 
Building target: DSPD_ASS_TREE
Invoking: GCC C Linker
gcc  -o "DSPD_ASS_TREE"  ./src/DSPD_ASS_TREE.o   
Finished building target: DSPD_ASS_TREE
 
08:49:11 **** Incremental Build of configuration Debug for project DSPD_ASS_TREE ****
make all 
Building file: ../src/DSPD_ASS_TREE.c
Invoking: GCC C Compiler
gcc -O0 -g3 -Wall -c -fmessage-length=0 -MMD -MP -MF"src/DSPD_ASS_TREE.d" -MT"src/DSPD_ASS_TREE.o" -o "src/DSPD_ASS_TREE.o" "../src/DSPD_ASS_TREE.c"
Finished building: ../src/DSPD_ASS_TREE.c
 
Building target: DSPD_ASS_TREE
Invoking: GCC C Linker
gcc  -o "DSPD_ASS_TREE"  ./src/DSPD_ASS_TREE.o   
Finished building target: DSPD_ASS_TREE
 
08:51:09 **** Incremental Build of configuration Debug for project DSPD_ASS_TREE ****
make all 
Building file: ../src/DSPD_ASS_TREE.c
Invoking: GCC C Compiler
gcc -O0 -g3 -Wall -c -fmessage-length=0 -MMD -MP -MF"src/DSPD_ASS_TREE.d" -MT"src/DSPD_ASS_TREE.o" -o "src/DSPD_ASS_TREE.o" "../src/DSPD_ASS_TREE.c"
Finished building: ../src/DSPD_ASS_TREE.c
 
Building target: DSPD_ASS_TREE
Invoking: GCC C Linker
gcc  -o "DSPD_ASS_TREE"  ./src/DSPD_ASS_TREE.o   
Finished building target: DSPD_ASS_TREE
 
08:52:50 **** Incremental Build of configuration Debug for project DSPD_ASS_TREE ****
make all 
Building file: ../src/DSPD_ASS_TREE.c
Invoking: GCC C Compiler
gcc -O0 -g3 -Wall -c -fmessage-length=0 -MMD -MP -MF"src/DSPD_ASS_TREE.d" -MT"src/DSPD_ASS_TREE.o" -o "src/DSPD_ASS_TREE.o" "../src/DSPD_ASS_TREE.c"
Finished building: ../src/DSPD_ASS_TREE.c
 
Building target: DSPD_ASS_TREE
Invoking: GCC C Linker
gcc  -o "DSPD_ASS_TREE"  ./src/DSPD_ASS_TREE.o   
Finished building target: DSPD_ASS_TREE
 
08:55:22 **** Incremental Build of configuration Debug for project DSPD_ASS_TREE ****
make all 
Building file: ../src/DSPD_ASS_TREE.c
Invoking: GCC C Compiler
gcc -O0 -g3 -Wall -c -fmessage-length=0 -MMD -MP -MF"src/DSPD_ASS_TREE.d" -MT"src/DSPD_ASS_TREE.o" -o "src/DSPD_ASS_TREE.o" "../src/DSPD_ASS_TREE.c"
Finished building: ../src/DSPD_ASS_TREE.c
 
Building target: DSPD_ASS_TREE
Invoking: GCC C Linker
gcc  -o "DSPD_ASS_TREE"  ./src/DSPD_ASS_TREE.o   
Finished building target: DSPD_ASS_TREE
 
08:56:55 **** Incremental Build of configuration Debug for project DSPD_ASS_TREE ****
make all 
Building file: ../src/DSPD_ASS_TREE.c
Invoking: GCC C Compiler
gcc -O0 -g3 -Wall -c -fmessage-length=0 -MMD -MP -MF"src/DSPD_ASS_TREE.d" -MT"src/DSPD_ASS_TREE.o" -o "src/DSPD_ASS_TREE.o" "../src/DSPD_ASS_TREE.c"
Finished building: ../src/DSPD_ASS_TREE.c
 
Building target: DSPD_ASS_TREE
Invoking: GCC C Linker
gcc  -o "DSPD_ASS_TREE"  ./src/DSPD_ASS_TREE.o   
Finished building target: DSPD_ASS_TREE
 
08:57:15 **** Incremental Build of configuration Debug for project DSPD_ASS_TREE ****
make all 
Building file: ../src/DSPD_ASS_TREE.c
Invoking: GCC C Compiler
gcc -O0 -g3 -Wall -c -fmessage-length=0 -MMD -MP -MF"src/DSPD_ASS_TREE.d" -MT"src/DSPD_ASS_TREE.o" -o "src/DSPD_ASS_TREE.o" "../src/DSPD_ASS_TREE.c"
Finished building: ../src/DSPD_ASS_TREE.c
 
Building target: DSPD_ASS_TREE
Invoking: GCC C Linker
gcc  -o "DSPD_ASS_TREE"  ./src/DSPD_ASS_TREE.o   
Finished building target: DSPD_ASS_TREE
 
08:57:28 **** Incremental Build of configuration Debug for project DSPD_ASS_TREE ****
make all 
Building file: ../src/DSPD_ASS_TREE.c
Invoking: GCC C Compiler
gcc -O0 -g3 -Wall -c -fmessage-length=0 -MMD -MP -MF"src/DSPD_ASS_TREE.d" -MT"src/DSPD_ASS_TREE.o" -o "src/DSPD_ASS_TREE.o" "../src/DSPD_ASS_TREE.c"
Finished building: ../src/DSPD_ASS_TREE.c
 
Building target: DSPD_ASS_TREE
Invoking: GCC C Linker
gcc  -o "DSPD_ASS_TREE"  ./src/DSPD_ASS_TREE.o   
Finished building target: DSPD_ASS_TREE
 
08:57:31 **** Incremental Build of configuration Debug for project DSPD_ASS_TREE ****
make all 
make: Nothing to be done for 'all'.
09:02:15 **** Incremental Build of configuration Debug for project DSPD_ASS_TREE ****
make all 
Building file: ../src/DSPD_ASS_TREE.c
Invoking: GCC C Compiler
gcc -O0 -g3 -Wall -c -fmessage-length=0 -MMD -MP -MF"src/DSPD_ASS_TREE.d" -MT"src/DSPD_ASS_TREE.o" -o "src/DSPD_ASS_TREE.o" "../src/DSPD_ASS_TREE.c"
Finished building: ../src/DSPD_ASS_TREE.c
 
Building target: DSPD_ASS_TREE
Invoking: GCC C Linker
gcc  -o "DSPD_ASS_TREE"  ./src/DSPD_ASS_TREE.o   
Finished building target: DSPD_ASS_TREE
 
09:02:31 **** Incremental Build of configuration Debug for project DSPD_ASS_TREE ****
make all 
make: Nothing to be done for 'all'.
09:11:18 **** Incremental Build of configuration Debug for project DSPD_ASS_TREE ****
make all 
Building file: ../src/DSPD_ASS_TREE.c
Invoking: GCC C Compiler
gcc -O0 -g3 -Wall -c -fmessage-length=0 -MMD -MP -MF"src/DSPD_ASS_TREE.d" -MT"src/DSPD_ASS_TREE.o" -o "src/DSPD_ASS_TREE.o" "../src/DSPD_ASS_TREE.c"
Finished building: ../src/DSPD_ASS_TREE.c
 
Building target: DSPD_ASS_TREE
Invoking: GCC C Linker
gcc  -o "DSPD_ASS_TREE"  ./src/DSPD_ASS_TREE.o   
Finished building target: DSPD_ASS_TREE
 
